
*** Running vivado
    with args -log nanoprocessor.vds -m64 -product Vivado -mode batch -messageDb vivado.pb -notrace -source nanoprocessor.tcl


****** Vivado v2018.2 (64-bit)
  **** SW Build 2258646 on Thu Jun 14 20:03:12 MDT 2018
  **** IP Build 2256618 on Thu Jun 14 22:10:49 MDT 2018
    ** Copyright 1986-2018 Xilinx, Inc. All Rights Reserved.

source nanoprocessor.tcl -notrace
Command: synth_design -top nanoprocessor -part xc7a35tcpg236-1
Starting synth_design
Attempting to get a license for feature 'Synthesis' and/or device 'xc7a35t'
INFO: [Common 17-349] Got license for feature 'Synthesis' and/or device 'xc7a35t'
INFO: Launching helper process for spawning children vivado processes
INFO: Helper process launched with PID 15488 
---------------------------------------------------------------------------------
Starting RTL Elaboration : Time (s): cpu = 00:00:02 ; elapsed = 00:00:03 . Memory (MB): peak = 469.480 ; gain = 97.125
---------------------------------------------------------------------------------
INFO: [Synth 8-638] synthesizing module 'nanoprocessor' [D:/nano enhanced/nanporocessor/nanporocessor.srcs/sources_1/new/nanoprocessor.vhd:44]
INFO: [Synth 8-3491] module 'Reg_bank' declared at 'D:/nano enhanced/nanporocessor/nanporocessor.srcs/sources_1/new/Reg_bank.vhd:4' bound to instance 'u_Reg_bank' of component 'Reg_bank' [D:/nano enhanced/nanporocessor/nanporocessor.srcs/sources_1/new/nanoprocessor.vhd:146]
INFO: [Synth 8-638] synthesizing module 'Reg_bank' [D:/nano enhanced/nanporocessor/nanporocessor.srcs/sources_1/new/Reg_bank.vhd:14]
INFO: [Synth 8-3491] module 'Decoder_3_to_8' declared at 'D:/nano enhanced/nanporocessor/nanporocessor.srcs/sources_1/imports/res/Decoder_3_to_8.vhd:4' bound to instance 'Decoder_inst' of component 'Decoder_3_to_8' [D:/nano enhanced/nanporocessor/nanporocessor.srcs/sources_1/new/Reg_bank.vhd:44]
INFO: [Synth 8-638] synthesizing module 'Decoder_3_to_8' [D:/nano enhanced/nanporocessor/nanporocessor.srcs/sources_1/imports/res/Decoder_3_to_8.vhd:12]
INFO: [Synth 8-226] default block is never used [D:/nano enhanced/nanporocessor/nanporocessor.srcs/sources_1/imports/res/Decoder_3_to_8.vhd:19]
INFO: [Synth 8-256] done synthesizing module 'Decoder_3_to_8' (1#1) [D:/nano enhanced/nanporocessor/nanporocessor.srcs/sources_1/imports/res/Decoder_3_to_8.vhd:12]
INFO: [Synth 8-3491] module 'Reg_4bit' declared at 'D:/nano enhanced/nanporocessor/nanporocessor.srcs/sources_1/imports/res/Reg_4bit.vhd:4' bound to instance 'Reg0_inst' of component 'Reg_4bit' [D:/nano enhanced/nanporocessor/nanporocessor.srcs/sources_1/new/Reg_bank.vhd:52]
INFO: [Synth 8-638] synthesizing module 'Reg_4bit' [D:/nano enhanced/nanporocessor/nanporocessor.srcs/sources_1/imports/res/Reg_4bit.vhd:14]
INFO: [Synth 8-256] done synthesizing module 'Reg_4bit' (2#1) [D:/nano enhanced/nanporocessor/nanporocessor.srcs/sources_1/imports/res/Reg_4bit.vhd:14]
INFO: [Synth 8-3491] module 'Reg_4bit' declared at 'D:/nano enhanced/nanporocessor/nanporocessor.srcs/sources_1/imports/res/Reg_4bit.vhd:4' bound to instance 'Reg1_inst' of component 'Reg_4bit' [D:/nano enhanced/nanporocessor/nanporocessor.srcs/sources_1/new/Reg_bank.vhd:61]
INFO: [Synth 8-3491] module 'Reg_4bit' declared at 'D:/nano enhanced/nanporocessor/nanporocessor.srcs/sources_1/imports/res/Reg_4bit.vhd:4' bound to instance 'Reg2_inst' of component 'Reg_4bit' [D:/nano enhanced/nanporocessor/nanporocessor.srcs/sources_1/new/Reg_bank.vhd:70]
INFO: [Synth 8-3491] module 'Reg_4bit' declared at 'D:/nano enhanced/nanporocessor/nanporocessor.srcs/sources_1/imports/res/Reg_4bit.vhd:4' bound to instance 'Reg3_inst' of component 'Reg_4bit' [D:/nano enhanced/nanporocessor/nanporocessor.srcs/sources_1/new/Reg_bank.vhd:79]
INFO: [Synth 8-3491] module 'Reg_4bit' declared at 'D:/nano enhanced/nanporocessor/nanporocessor.srcs/sources_1/imports/res/Reg_4bit.vhd:4' bound to instance 'Reg4_inst' of component 'Reg_4bit' [D:/nano enhanced/nanporocessor/nanporocessor.srcs/sources_1/new/Reg_bank.vhd:88]
INFO: [Synth 8-3491] module 'Reg_4bit' declared at 'D:/nano enhanced/nanporocessor/nanporocessor.srcs/sources_1/imports/res/Reg_4bit.vhd:4' bound to instance 'Reg5_inst' of component 'Reg_4bit' [D:/nano enhanced/nanporocessor/nanporocessor.srcs/sources_1/new/Reg_bank.vhd:97]
INFO: [Synth 8-3491] module 'Reg_4bit' declared at 'D:/nano enhanced/nanporocessor/nanporocessor.srcs/sources_1/imports/res/Reg_4bit.vhd:4' bound to instance 'Reg6_inst' of component 'Reg_4bit' [D:/nano enhanced/nanporocessor/nanporocessor.srcs/sources_1/new/Reg_bank.vhd:106]
INFO: [Synth 8-3491] module 'Reg_4bit' declared at 'D:/nano enhanced/nanporocessor/nanporocessor.srcs/sources_1/imports/res/Reg_4bit.vhd:4' bound to instance 'Reg7_inst' of component 'Reg_4bit' [D:/nano enhanced/nanporocessor/nanporocessor.srcs/sources_1/new/Reg_bank.vhd:115]
INFO: [Synth 8-256] done synthesizing module 'Reg_bank' (3#1) [D:/nano enhanced/nanporocessor/nanporocessor.srcs/sources_1/new/Reg_bank.vhd:14]
INFO: [Synth 8-3491] module 'add_sub_new' declared at 'D:/nano enhanced/nanporocessor/nanporocessor.runs/synth_1/.Xil/Vivado-10448-DESKTOP-74VTDQM/realtime/add_sub_new_stub.v:6' bound to instance 'u_add_sub_4_bit' of component 'add_sub_new' [D:/nano enhanced/nanporocessor/nanporocessor.srcs/sources_1/new/nanoprocessor.vhd:164]
INFO: [Synth 8-6157] synthesizing module 'add_sub_new' [D:/nano enhanced/nanporocessor/nanporocessor.runs/synth_1/.Xil/Vivado-10448-DESKTOP-74VTDQM/realtime/add_sub_new_stub.v:6]
INFO: [Synth 8-6155] done synthesizing module 'add_sub_new' (4#1) [D:/nano enhanced/nanporocessor/nanporocessor.runs/synth_1/.Xil/Vivado-10448-DESKTOP-74VTDQM/realtime/add_sub_new_stub.v:6]
INFO: [Synth 8-3491] module 'InstructionDecoder' declared at 'D:/nano enhanced/nanporocessor/nanporocessor.srcs/sources_1/new/InstructionDecoder.vhd:34' bound to instance 'u_InstructionDecoder' of component 'InstructionDecoder' [D:/nano enhanced/nanporocessor/nanporocessor.srcs/sources_1/new/nanoprocessor.vhd:176]
INFO: [Synth 8-638] synthesizing module 'InstructionDecoder' [D:/nano enhanced/nanporocessor/nanporocessor.srcs/sources_1/new/InstructionDecoder.vhd:47]
INFO: [Synth 8-226] default block is never used [D:/nano enhanced/nanporocessor/nanporocessor.srcs/sources_1/new/InstructionDecoder.vhd:93]
INFO: [Synth 8-256] done synthesizing module 'InstructionDecoder' (5#1) [D:/nano enhanced/nanporocessor/nanporocessor.srcs/sources_1/new/InstructionDecoder.vhd:47]
INFO: [Synth 8-3491] module 'Mux2to1' declared at 'D:/nano enhanced/nanporocessor/nanporocessor.srcs/sources_1/new/Mux2to1.vhd:34' bound to instance 'u_Mux2to1' of component 'Mux2to1' [D:/nano enhanced/nanporocessor/nanporocessor.srcs/sources_1/new/nanoprocessor.vhd:190]
INFO: [Synth 8-638] synthesizing module 'Mux2to1' [D:/nano enhanced/nanporocessor/nanporocessor.srcs/sources_1/new/Mux2to1.vhd:41]
INFO: [Synth 8-256] done synthesizing module 'Mux2to1' (6#1) [D:/nano enhanced/nanporocessor/nanporocessor.srcs/sources_1/new/Mux2to1.vhd:41]
INFO: [Synth 8-3491] module 'Mux8way4bit' declared at 'D:/nano enhanced/nanporocessor/nanporocessor.srcs/sources_1/new/Mux8way4bit.vhd:34' bound to instance 'u_Mux8way4bit_A' of component 'Mux8way4bit' [D:/nano enhanced/nanporocessor/nanporocessor.srcs/sources_1/new/nanoprocessor.vhd:200]
INFO: [Synth 8-638] synthesizing module 'Mux8way4bit' [D:/nano enhanced/nanporocessor/nanporocessor.srcs/sources_1/new/Mux8way4bit.vhd:47]
INFO: [Synth 8-226] default block is never used [D:/nano enhanced/nanporocessor/nanporocessor.srcs/sources_1/new/Mux8way4bit.vhd:53]
INFO: [Synth 8-256] done synthesizing module 'Mux8way4bit' (7#1) [D:/nano enhanced/nanporocessor/nanporocessor.srcs/sources_1/new/Mux8way4bit.vhd:47]
INFO: [Synth 8-3491] module 'Mux8way4bit' declared at 'D:/nano enhanced/nanporocessor/nanporocessor.srcs/sources_1/new/Mux8way4bit.vhd:34' bound to instance 'u_Mux8way4bit_B' of component 'Mux8way4bit' [D:/nano enhanced/nanporocessor/nanporocessor.srcs/sources_1/new/nanoprocessor.vhd:214]
INFO: [Synth 8-3491] module 'program_counter_new' declared at 'D:/nano enhanced/nanporocessor/nanporocessor.runs/synth_1/.Xil/Vivado-10448-DESKTOP-74VTDQM/realtime/program_counter_new_stub.v:6' bound to instance 'u_ProgramCounter' of component 'program_counter_new' [D:/nano enhanced/nanporocessor/nanporocessor.srcs/sources_1/new/nanoprocessor.vhd:229]
INFO: [Synth 8-6157] synthesizing module 'program_counter_new' [D:/nano enhanced/nanporocessor/nanporocessor.runs/synth_1/.Xil/Vivado-10448-DESKTOP-74VTDQM/realtime/program_counter_new_stub.v:6]
INFO: [Synth 8-6155] done synthesizing module 'program_counter_new' (8#1) [D:/nano enhanced/nanporocessor/nanporocessor.runs/synth_1/.Xil/Vivado-10448-DESKTOP-74VTDQM/realtime/program_counter_new_stub.v:6]
INFO: [Synth 8-3491] module 'ProgramROM' declared at 'D:/nano enhanced/nanporocessor/nanporocessor.srcs/sources_1/new/ProgramROM.vhd:35' bound to instance 'u_ProgramROM' of component 'ProgramROM' [D:/nano enhanced/nanporocessor/nanporocessor.srcs/sources_1/new/nanoprocessor.vhd:236]
INFO: [Synth 8-638] synthesizing module 'ProgramROM' [D:/nano enhanced/nanporocessor/nanporocessor.srcs/sources_1/new/ProgramROM.vhd:40]
INFO: [Synth 8-256] done synthesizing module 'ProgramROM' (9#1) [D:/nano enhanced/nanporocessor/nanporocessor.srcs/sources_1/new/ProgramROM.vhd:40]
INFO: [Synth 8-3491] module 'Slow_Clk' declared at 'D:/nano enhanced/nanporocessor/nanporocessor.srcs/sources_1/imports/res/Slow_Clk.vhd:36' bound to instance 'u_slow_clk' of component 'Slow_Clk' [D:/nano enhanced/nanporocessor/nanporocessor.srcs/sources_1/new/nanoprocessor.vhd:242]
INFO: [Synth 8-638] synthesizing module 'Slow_Clk' [D:/nano enhanced/nanporocessor/nanporocessor.srcs/sources_1/imports/res/Slow_Clk.vhd:41]
INFO: [Synth 8-256] done synthesizing module 'Slow_Clk' (10#1) [D:/nano enhanced/nanporocessor/nanporocessor.srcs/sources_1/imports/res/Slow_Clk.vhd:41]
INFO: [Synth 8-3491] module 'LUT_7Seg' declared at 'D:/nano enhanced/nanporocessor/nanporocessor.srcs/sources_1/imports/res/LUT_7Seg.vhd:24' bound to instance 'u_LUT_7Seg' of component 'LUT_7Seg' [D:/nano enhanced/nanporocessor/nanporocessor.srcs/sources_1/new/nanoprocessor.vhd:249]
INFO: [Synth 8-638] synthesizing module 'LUT_7Seg' [D:/nano enhanced/nanporocessor/nanporocessor.srcs/sources_1/imports/res/LUT_7Seg.vhd:30]
INFO: [Synth 8-226] default block is never used [D:/nano enhanced/nanporocessor/nanporocessor.srcs/sources_1/imports/res/LUT_7Seg.vhd:36]
INFO: [Synth 8-256] done synthesizing module 'LUT_7Seg' (11#1) [D:/nano enhanced/nanporocessor/nanporocessor.srcs/sources_1/imports/res/LUT_7Seg.vhd:30]
INFO: [Synth 8-256] done synthesizing module 'nanoprocessor' (12#1) [D:/nano enhanced/nanporocessor/nanporocessor.srcs/sources_1/new/nanoprocessor.vhd:44]
WARNING: [Synth 8-3917] design nanoprocessor has port Anode[3] driven by constant 1
WARNING: [Synth 8-3917] design nanoprocessor has port Anode[2] driven by constant 1
WARNING: [Synth 8-3917] design nanoprocessor has port Anode[1] driven by constant 1
WARNING: [Synth 8-3917] design nanoprocessor has port Anode[0] driven by constant 0
---------------------------------------------------------------------------------
Finished RTL Elaboration : Time (s): cpu = 00:00:02 ; elapsed = 00:00:03 . Memory (MB): peak = 524.043 ; gain = 151.688
---------------------------------------------------------------------------------

Report Check Netlist: 
+------+------------------+-------+---------+-------+------------------+
|      |Item              |Errors |Warnings |Status |Description       |
+------+------------------+-------+---------+-------+------------------+
|1     |multi_driven_nets |      0|        0|Passed |Multi driven nets |
+------+------------------+-------+---------+-------+------------------+
---------------------------------------------------------------------------------
Start Handling Custom Attributes
---------------------------------------------------------------------------------
---------------------------------------------------------------------------------
Finished Handling Custom Attributes : Time (s): cpu = 00:00:02 ; elapsed = 00:00:04 . Memory (MB): peak = 524.043 ; gain = 151.688
---------------------------------------------------------------------------------
---------------------------------------------------------------------------------
Finished RTL Optimization Phase 1 : Time (s): cpu = 00:00:02 ; elapsed = 00:00:04 . Memory (MB): peak = 524.043 ; gain = 151.688
---------------------------------------------------------------------------------
INFO: [Device 21-403] Loading part xc7a35tcpg236-1
INFO: [Project 1-570] Preparing netlist for logic optimization

Processing XDC Constraints
Initializing timing engine
Parsing XDC File [d:/nano enhanced/nanporocessor/nanporocessor.srcs/sources_1/ip/program_counter_new/program_counter_new/program_counter_new_in_context.xdc] for cell 'u_ProgramCounter'
Finished Parsing XDC File [d:/nano enhanced/nanporocessor/nanporocessor.srcs/sources_1/ip/program_counter_new/program_counter_new/program_counter_new_in_context.xdc] for cell 'u_ProgramCounter'
Parsing XDC File [d:/nano enhanced/nanporocessor/nanporocessor.srcs/sources_1/ip/add_sub_new/add_sub_new/add_sub_new_in_context.xdc] for cell 'u_add_sub_4_bit'
Finished Parsing XDC File [d:/nano enhanced/nanporocessor/nanporocessor.srcs/sources_1/ip/add_sub_new/add_sub_new/add_sub_new_in_context.xdc] for cell 'u_add_sub_4_bit'
Parsing XDC File [D:/nano enhanced/nanporocessor/nanporocessor.srcs/constrs_1/new/basys3.xdc]
Finished Parsing XDC File [D:/nano enhanced/nanporocessor/nanporocessor.srcs/constrs_1/new/basys3.xdc]
INFO: [Project 1-236] Implementation specific constraints were found while reading constraint file [D:/nano enhanced/nanporocessor/nanporocessor.srcs/constrs_1/new/basys3.xdc]. These constraints will be ignored for synthesis but will be used in implementation. Impacted constraints are listed in the file [.Xil/nanoprocessor_propImpl.xdc].
Resolution: To avoid this warning, move constraints listed in [.Xil/nanoprocessor_propImpl.xdc] to another XDC file and exclude this new file from synthesis with the used_in_synthesis property (File Properties dialog in GUI) and re-run elaboration/synthesis.
Completed Processing XDC Constraints

INFO: [Project 1-111] Unisim Transformation Summary:
No Unisim elements were transformed.

Constraint Validation Runtime : Time (s): cpu = 00:00:00 ; elapsed = 00:00:00.001 . Memory (MB): peak = 854.473 ; gain = 0.000
---------------------------------------------------------------------------------
Finished Constraint Validation : Time (s): cpu = 00:00:09 ; elapsed = 00:00:13 . Memory (MB): peak = 854.473 ; gain = 482.117
---------------------------------------------------------------------------------
---------------------------------------------------------------------------------
Start Loading Part and Timing Information
---------------------------------------------------------------------------------
Loading part: xc7a35tcpg236-1
---------------------------------------------------------------------------------
Finished Loading Part and Timing Information : Time (s): cpu = 00:00:09 ; elapsed = 00:00:13 . Memory (MB): peak = 854.473 ; gain = 482.117
---------------------------------------------------------------------------------
---------------------------------------------------------------------------------
Start Applying 'set_property' XDC Constraints
---------------------------------------------------------------------------------
Applied set_property DONT_TOUCH = true for u_ProgramCounter. (constraint file  auto generated constraint, line ).
Applied set_property DONT_TOUCH = true for u_add_sub_4_bit. (constraint file  auto generated constraint, line ).
---------------------------------------------------------------------------------
Finished applying 'set_property' XDC Constraints : Time (s): cpu = 00:00:09 ; elapsed = 00:00:13 . Memory (MB): peak = 854.473 ; gain = 482.117
---------------------------------------------------------------------------------
INFO: [Synth 8-5544] ROM "jump_flag" won't be mapped to Block RAM because address size (4) smaller than threshold (5)
INFO: [Synth 8-5544] ROM "total_1to3_ROM" won't be mapped to Block RAM because address size (3) smaller than threshold (5)
INFO: [Synth 8-5544] ROM "zero" won't be mapped to Block RAM because address size (4) smaller than threshold (5)
---------------------------------------------------------------------------------
Finished RTL Optimization Phase 2 : Time (s): cpu = 00:00:09 ; elapsed = 00:00:13 . Memory (MB): peak = 854.473 ; gain = 482.117
---------------------------------------------------------------------------------

Report RTL Partitions: 
+-+--------------+------------+----------+
| |RTL Partition |Replication |Instances |
+-+--------------+------------+----------+
+-+--------------+------------+----------+
---------------------------------------------------------------------------------
Start RTL Component Statistics 
---------------------------------------------------------------------------------
Detailed RTL Component Info : 
+---Adders : 
	   2 Input      3 Bit       Adders := 1     
+---Registers : 
	                4 Bit    Registers := 8     
	                3 Bit    Registers := 1     
+---Muxes : 
	   9 Input     12 Bit        Muxes := 1     
	   8 Input      8 Bit        Muxes := 1     
	   4 Input      4 Bit        Muxes := 1     
	   2 Input      4 Bit        Muxes := 1     
	   4 Input      3 Bit        Muxes := 4     
	   4 Input      1 Bit        Muxes := 2     
	   5 Input      1 Bit        Muxes := 1     
	   2 Input      1 Bit        Muxes := 1     
---------------------------------------------------------------------------------
Finished RTL Component Statistics 
---------------------------------------------------------------------------------
---------------------------------------------------------------------------------
Start RTL Hierarchical Component Statistics 
---------------------------------------------------------------------------------
Hierarchical RTL Component report 
Module nanoprocessor 
Detailed RTL Component Info : 
+---Muxes : 
	   2 Input      1 Bit        Muxes := 1     
Module Decoder_3_to_8 
Detailed RTL Component Info : 
+---Muxes : 
	   8 Input      8 Bit        Muxes := 1     
Module Reg_4bit 
Detailed RTL Component Info : 
+---Registers : 
	                4 Bit    Registers := 1     
Module InstructionDecoder 
Detailed RTL Component Info : 
+---Muxes : 
	   4 Input      4 Bit        Muxes := 1     
	   4 Input      3 Bit        Muxes := 4     
	   4 Input      1 Bit        Muxes := 2     
	   5 Input      1 Bit        Muxes := 1     
Module Mux2to1 
Detailed RTL Component Info : 
+---Muxes : 
	   2 Input      4 Bit        Muxes := 1     
Module ProgramROM 
Detailed RTL Component Info : 
+---Muxes : 
	   9 Input     12 Bit        Muxes := 1     
Module Slow_Clk 
Detailed RTL Component Info : 
+---Adders : 
	   2 Input      3 Bit       Adders := 1     
+---Registers : 
	                3 Bit    Registers := 1     
---------------------------------------------------------------------------------
Finished RTL Hierarchical Component Statistics
---------------------------------------------------------------------------------
---------------------------------------------------------------------------------
Start Part Resource Summary
---------------------------------------------------------------------------------
Part Resources:
DSPs: 90 (col length:60)
BRAMs: 100 (col length: RAMB18 60 RAMB36 30)
---------------------------------------------------------------------------------
Finished Part Resource Summary
---------------------------------------------------------------------------------
---------------------------------------------------------------------------------
Start Cross Boundary and Area Optimization
---------------------------------------------------------------------------------
Warning: Parallel synthesis criteria is not met 
INFO: [Synth 8-5544] ROM "zero" won't be mapped to Block RAM because address size (4) smaller than threshold (5)
WARNING: [Synth 8-3917] design nanoprocessor has port Anode[3] driven by constant 1
WARNING: [Synth 8-3917] design nanoprocessor has port Anode[2] driven by constant 1
WARNING: [Synth 8-3917] design nanoprocessor has port Anode[1] driven by constant 1
WARNING: [Synth 8-3917] design nanoprocessor has port Anode[0] driven by constant 0
INFO: [Synth 8-3886] merging instance 'u_Reg_bank/Reg0_inst/Q_reg[0]' (FDCE) to 'u_Reg_bank/Reg0_inst/Q_reg[3]'
INFO: [Synth 8-3886] merging instance 'u_Reg_bank/Reg0_inst/Q_reg[1]' (FDCE) to 'u_Reg_bank/Reg0_inst/Q_reg[3]'
INFO: [Synth 8-3886] merging instance 'u_Reg_bank/Reg0_inst/Q_reg[2]' (FDCE) to 'u_Reg_bank/Reg0_inst/Q_reg[3]'
INFO: [Synth 8-3333] propagating constant 0 across sequential element (\u_Reg_bank/Reg0_inst/Q_reg[3] )
WARNING: [Synth 8-3332] Sequential element (u_Reg_bank/Reg0_inst/Q_reg[3]) is unused and will be removed from module nanoprocessor.
---------------------------------------------------------------------------------
Finished Cross Boundary and Area Optimization : Time (s): cpu = 00:00:10 ; elapsed = 00:00:14 . Memory (MB): peak = 854.473 ; gain = 482.117
---------------------------------------------------------------------------------

Report RTL Partitions: 
+-+--------------+------------+----------+
| |RTL Partition |Replication |Instances |
+-+--------------+------------+----------+
+-+--------------+------------+----------+
---------------------------------------------------------------------------------
Start Applying XDC Timing Constraints
---------------------------------------------------------------------------------
---------------------------------------------------------------------------------
Finished Applying XDC Timing Constraints : Time (s): cpu = 00:00:16 ; elapsed = 00:00:21 . Memory (MB): peak = 854.473 ; gain = 482.117
---------------------------------------------------------------------------------
---------------------------------------------------------------------------------
Start Timing Optimization
---------------------------------------------------------------------------------
---------------------------------------------------------------------------------
Finished Timing Optimization : Time (s): cpu = 00:00:16 ; elapsed = 00:00:21 . Memory (MB): peak = 854.473 ; gain = 482.117
---------------------------------------------------------------------------------

Report RTL Partitions: 
+-+--------------+------------+----------+
| |RTL Partition |Replication |Instances |
+-+--------------+------------+----------+
+-+--------------+------------+----------+
---------------------------------------------------------------------------------
Start Technology Mapping
---------------------------------------------------------------------------------
INFO: [Synth 8-3886] merging instance 'u_Reg_bank/Reg6_inst/Q_reg[0]' (FDCE) to 'u_Reg_bank/Reg5_inst/Q_reg[0]'
INFO: [Synth 8-3886] merging instance 'u_Reg_bank/Reg4_inst/Q_reg[0]' (FDCE) to 'u_Reg_bank/Reg5_inst/Q_reg[0]'
INFO: [Synth 8-3333] propagating constant 0 across sequential element (\u_Reg_bank/Reg5_inst/Q_reg[0] )
INFO: [Synth 8-3886] merging instance 'u_Reg_bank/Reg6_inst/Q_reg[1]' (FDCE) to 'u_Reg_bank/Reg5_inst/Q_reg[1]'
INFO: [Synth 8-3886] merging instance 'u_Reg_bank/Reg4_inst/Q_reg[1]' (FDCE) to 'u_Reg_bank/Reg5_inst/Q_reg[1]'
INFO: [Synth 8-3333] propagating constant 0 across sequential element (\u_Reg_bank/Reg5_inst/Q_reg[1] )
INFO: [Synth 8-3886] merging instance 'u_Reg_bank/Reg6_inst/Q_reg[2]' (FDCE) to 'u_Reg_bank/Reg5_inst/Q_reg[2]'
INFO: [Synth 8-3886] merging instance 'u_Reg_bank/Reg4_inst/Q_reg[2]' (FDCE) to 'u_Reg_bank/Reg5_inst/Q_reg[2]'
INFO: [Synth 8-3333] propagating constant 0 across sequential element (\u_Reg_bank/Reg5_inst/Q_reg[2] )
INFO: [Synth 8-3886] merging instance 'u_Reg_bank/Reg6_inst/Q_reg[3]' (FDCE) to 'u_Reg_bank/Reg4_inst/Q_reg[3]'
INFO: [Synth 8-3886] merging instance 'u_Reg_bank/Reg5_inst/Q_reg[3]' (FDCE) to 'u_Reg_bank/Reg4_inst/Q_reg[3]'
INFO: [Synth 8-3333] propagating constant 0 across sequential element (\u_Reg_bank/Reg4_inst/Q_reg[3] )
WARNING: [Synth 8-3332] Sequential element (u_Reg_bank/Reg5_inst/Q_reg[0]) is unused and will be removed from module nanoprocessor.
WARNING: [Synth 8-3332] Sequential element (u_Reg_bank/Reg5_inst/Q_reg[1]) is unused and will be removed from module nanoprocessor.
WARNING: [Synth 8-3332] Sequential element (u_Reg_bank/Reg5_inst/Q_reg[2]) is unused and will be removed from module nanoprocessor.
WARNING: [Synth 8-3332] Sequential element (u_Reg_bank/Reg4_inst/Q_reg[3]) is unused and will be removed from module nanoprocessor.
---------------------------------------------------------------------------------
Finished Technology Mapping : Time (s): cpu = 00:00:16 ; elapsed = 00:00:21 . Memory (MB): peak = 865.414 ; gain = 493.059
---------------------------------------------------------------------------------

Report RTL Partitions: 
+-+--------------+------------+----------+
| |RTL Partition |Replication |Instances |
+-+--------------+------------+----------+
+-+--------------+------------+----------+
---------------------------------------------------------------------------------
Start IO Insertion
---------------------------------------------------------------------------------
---------------------------------------------------------------------------------
Start Flattening Before IO Insertion
---------------------------------------------------------------------------------
---------------------------------------------------------------------------------
Finished Flattening Before IO Insertion
---------------------------------------------------------------------------------
---------------------------------------------------------------------------------
Start Final Netlist Cleanup
---------------------------------------------------------------------------------
---------------------------------------------------------------------------------
Finished Final Netlist Cleanup
---------------------------------------------------------------------------------
---------------------------------------------------------------------------------
Finished IO Insertion : Time (s): cpu = 00:00:17 ; elapsed = 00:00:22 . Memory (MB): peak = 865.414 ; gain = 493.059
---------------------------------------------------------------------------------

Report Check Netlist: 
+------+------------------+-------+---------+-------+------------------+
|      |Item              |Errors |Warnings |Status |Description       |
+------+------------------+-------+---------+-------+------------------+
|1     |multi_driven_nets |      0|        0|Passed |Multi driven nets |
+------+------------------+-------+---------+-------+------------------+
---------------------------------------------------------------------------------
Start Renaming Generated Instances
---------------------------------------------------------------------------------
---------------------------------------------------------------------------------
Finished Renaming Generated Instances : Time (s): cpu = 00:00:17 ; elapsed = 00:00:22 . Memory (MB): peak = 865.414 ; gain = 493.059
---------------------------------------------------------------------------------

Report RTL Partitions: 
+-+--------------+------------+----------+
| |RTL Partition |Replication |Instances |
+-+--------------+------------+----------+
+-+--------------+------------+----------+
---------------------------------------------------------------------------------
Start Rebuilding User Hierarchy
---------------------------------------------------------------------------------
---------------------------------------------------------------------------------
Finished Rebuilding User Hierarchy : Time (s): cpu = 00:00:17 ; elapsed = 00:00:22 . Memory (MB): peak = 865.414 ; gain = 493.059
---------------------------------------------------------------------------------
---------------------------------------------------------------------------------
Start Renaming Generated Ports
---------------------------------------------------------------------------------
---------------------------------------------------------------------------------
Finished Renaming Generated Ports : Time (s): cpu = 00:00:17 ; elapsed = 00:00:22 . Memory (MB): peak = 865.414 ; gain = 493.059
---------------------------------------------------------------------------------
---------------------------------------------------------------------------------
Start Handling Custom Attributes
---------------------------------------------------------------------------------
---------------------------------------------------------------------------------
Finished Handling Custom Attributes : Time (s): cpu = 00:00:17 ; elapsed = 00:00:22 . Memory (MB): peak = 865.414 ; gain = 493.059
---------------------------------------------------------------------------------
---------------------------------------------------------------------------------
Start Renaming Generated Nets
---------------------------------------------------------------------------------
---------------------------------------------------------------------------------
Finished Renaming Generated Nets : Time (s): cpu = 00:00:17 ; elapsed = 00:00:22 . Memory (MB): peak = 865.414 ; gain = 493.059
---------------------------------------------------------------------------------
---------------------------------------------------------------------------------
Start Writing Synthesis Report
---------------------------------------------------------------------------------

Report BlackBoxes: 
+------+--------------------+----------+
|      |BlackBox name       |Instances |
+------+--------------------+----------+
|1     |add_sub_new         |         1|
|2     |program_counter_new |         1|
+------+--------------------+----------+

Report Cell Usage: 
+------+--------------------+------+
|      |Cell                |Count |
+------+--------------------+------+
|1     |add_sub_new         |     1|
|2     |program_counter_new |     1|
|3     |BUFG                |     1|
|4     |LUT1                |     2|
|5     |LUT2                |     1|
|6     |LUT3                |     7|
|7     |LUT4                |    16|
|8     |LUT5                |     1|
|9     |LUT6                |     4|
|10    |FDCE                |    16|
|11    |FDRE                |     3|
|12    |IBUF                |     2|
|13    |OBUF                |    17|
+------+--------------------+------+

Report Instance Areas: 
+------+--------------+-----------+------+
|      |Instance      |Module     |Cells |
+------+--------------+-----------+------+
|1     |top           |           |    78|
|2     |  u_Reg_bank  |Reg_bank   |    41|
|3     |    Reg1_inst |Reg_4bit   |     5|
|4     |    Reg2_inst |Reg_4bit_0 |     9|
|5     |    Reg3_inst |Reg_4bit_1 |     9|
|6     |    Reg7_inst |Reg_4bit_2 |    18|
|7     |  u_slow_clk  |Slow_Clk   |     6|
+------+--------------+-----------+------+
---------------------------------------------------------------------------------
Finished Writing Synthesis Report : Time (s): cpu = 00:00:17 ; elapsed = 00:00:22 . Memory (MB): peak = 865.414 ; gain = 493.059
---------------------------------------------------------------------------------
Synthesis finished with 0 errors, 0 critical warnings and 9 warnings.
Synthesis Optimization Runtime : Time (s): cpu = 00:00:10 ; elapsed = 00:00:15 . Memory (MB): peak = 865.414 ; gain = 162.629
Synthesis Optimization Complete : Time (s): cpu = 00:00:17 ; elapsed = 00:00:22 . Memory (MB): peak = 865.414 ; gain = 493.059
INFO: [Project 1-571] Translating synthesized netlist
INFO: [Netlist 29-17] Analyzing 2 Unisim elements for replacement
INFO: [Netlist 29-28] Unisim Transformation completed in 0 CPU seconds
INFO: [Project 1-570] Preparing netlist for logic optimization
INFO: [Opt 31-138] Pushed 0 inverter(s) to 0 load pin(s).
INFO: [Project 1-111] Unisim Transformation Summary:
No Unisim elements were transformed.

INFO: [Common 17-83] Releasing license: Synthesis
79 Infos, 13 Warnings, 0 Critical Warnings and 0 Errors encountered.
synth_design completed successfully
synth_design: Time (s): cpu = 00:00:19 ; elapsed = 00:00:24 . Memory (MB): peak = 865.414 ; gain = 504.590
WARNING: [Constraints 18-5210] No constraint will be written out.
INFO: [Common 17-1381] The checkpoint 'D:/nano enhanced/nanporocessor/nanporocessor.runs/synth_1/nanoprocessor.dcp' has been generated.
INFO: [runtcl-4] Executing : report_utilization -file nanoprocessor_utilization_synth.rpt -pb nanoprocessor_utilization_synth.pb
report_utilization: Time (s): cpu = 00:00:00 ; elapsed = 00:00:00.016 . Memory (MB): peak = 865.414 ; gain = 0.000
INFO: [Common 17-206] Exiting Vivado at Sat May 24 21:44:26 2025...
